This is pdfTeX, Version 3.141592653-2.6-1.40.26 (TeX Live 2024) (preloaded format=pdflatex 2024.9.18)  22 SEP 2024 12:48
entering extended mode
 restricted \write18 enabled.
 file:line:error style messages enabled.
 %&-line parsing enabled.
**"c:/Users/HP/Documents/Maestria en Vehiculos Autonomos/Cuatrimestre-1/Preliminares matematicos/Latex/Tarea-1/problemas.tex"
(c:/Users/HP/Documents/Maestria en Vehiculos Autonomos/Cuatrimestre-1/Preliminares matematicos/Latex/Tarea-1/problemas.tex
LaTeX2e <2024-06-01> patch level 2
L3 programming layer <2024-08-30>
(c:/texlive/2024/texmf-dist/tex/latex/base/article.cls
Document Class: article 2024/02/08 v1.4n Standard LaTeX document class
(c:/texlive/2024/texmf-dist/tex/latex/base/size12.clo
File: size12.clo 2024/02/08 v1.4n Standard LaTeX file (size option)
)
\c@part=\count194
\c@section=\count195
\c@subsection=\count196
\c@subsubsection=\count197
\c@paragraph=\count198
\c@subparagraph=\count199
\c@figure=\count266
\c@table=\count267
\abovecaptionskip=\skip49
\belowcaptionskip=\skip50
\bibindent=\dimen141
) (c:/texlive/2024/texmf-dist/tex/latex/amsmath/amsmath.sty
Package: amsmath 2024/05/23 v2.17q AMS math features
\@mathmargin=\skip51

For additional information on amsmath, use the `?' option.
(c:/texlive/2024/texmf-dist/tex/latex/amsmath/amstext.sty
Package: amstext 2021/08/26 v2.01 AMS text
 (c:/texlive/2024/texmf-dist/tex/latex/amsmath/amsgen.sty
File: amsgen.sty 1999/11/30 v2.0 generic functions
\@emptytoks=\toks17
\ex@=\dimen142
)) (c:/texlive/2024/texmf-dist/tex/latex/amsmath/amsbsy.sty
Package: amsbsy 1999/11/29 v1.2d Bold Symbols
\pmbraise@=\dimen143
) (c:/texlive/2024/texmf-dist/tex/latex/amsmath/amsopn.sty
Package: amsopn 2022/04/08 v2.04 operator names
)
\inf@bad=\count268
LaTeX Info: Redefining \frac on input line 233.
\uproot@=\count269
\leftroot@=\count270
LaTeX Info: Redefining \overline on input line 398.
LaTeX Info: Redefining \colon on input line 409.
\classnum@=\count271
\DOTSCASE@=\count272
LaTeX Info: Redefining \ldots on input line 495.
LaTeX Info: Redefining \dots on input line 498.
LaTeX Info: Redefining \cdots on input line 619.
\Mathstrutbox@=\box52
\strutbox@=\box53
LaTeX Info: Redefining \big on input line 721.
LaTeX Info: Redefining \Big on input line 722.
LaTeX Info: Redefining \bigg on input line 723.
LaTeX Info: Redefining \Bigg on input line 724.
\big@size=\dimen144
LaTeX Font Info:    Redeclaring font encoding OML on input line 742.
LaTeX Font Info:    Redeclaring font encoding OMS on input line 743.
\macc@depth=\count273
LaTeX Info: Redefining \bmod on input line 904.
LaTeX Info: Redefining \pmod on input line 909.
LaTeX Info: Redefining \smash on input line 939.
LaTeX Info: Redefining \relbar on input line 969.
LaTeX Info: Redefining \Relbar on input line 970.
\c@MaxMatrixCols=\count274
\dotsspace@=\muskip17
\c@parentequation=\count275
\dspbrk@lvl=\count276
\tag@help=\toks18
\row@=\count277
\column@=\count278
\maxfields@=\count279
\andhelp@=\toks19
\eqnshift@=\dimen145
\alignsep@=\dimen146
\tagshift@=\dimen147
\tagwidth@=\dimen148
\totwidth@=\dimen149
\lineht@=\dimen150
\@envbody=\toks20
\multlinegap=\skip52
\multlinetaggap=\skip53
\mathdisplay@stack=\toks21
LaTeX Info: Redefining \[ on input line 2953.
LaTeX Info: Redefining \] on input line 2954.
) (c:/texlive/2024/texmf-dist/tex/latex/enumitem/enumitem.sty
Package: enumitem 2019/06/20 v3.9 Customized lists
\enitkv@toks@=\toks22
\labelindent=\skip54
\enit@outerparindent=\dimen151
\enit@toks=\toks23
\enit@inbox=\box54
\enit@count@id=\count280
\enitdp@description=\count281
) (c:/texlive/2024/texmf-dist/tex/latex/graphics/graphicx.sty
Package: graphicx 2021/09/16 v1.2d Enhanced LaTeX Graphics (DPC,SPQR)
 (c:/texlive/2024/texmf-dist/tex/latex/graphics/keyval.sty
Package: keyval 2022/05/29 v1.15 key=value parser (DPC)
\KV@toks@=\toks24
) (c:/texlive/2024/texmf-dist/tex/latex/graphics/graphics.sty
Package: graphics 2024/05/23 v1.4g Standard LaTeX Graphics (DPC,SPQR)
 (c:/texlive/2024/texmf-dist/tex/latex/graphics/trig.sty
Package: trig 2023/12/02 v1.11 sin cos tan (DPC)
) (c:/texlive/2024/texmf-dist/tex/latex/graphics-cfg/graphics.cfg
File: graphics.cfg 2016/06/04 v1.11 sample graphics configuration
)
Package graphics Info: Driver file: pdftex.def on input line 106.
 (c:/texlive/2024/texmf-dist/tex/latex/graphics-def/pdftex.def
File: pdftex.def 2024/04/13 v1.2c Graphics/color driver for pdftex
))
\Gin@req@height=\dimen152
\Gin@req@width=\dimen153
) (c:/texlive/2024/texmf-dist/tex/latex/hyperref/hyperref.sty
Package: hyperref 2024-07-10 v7.01j Hypertext links for LaTeX
 (c:/texlive/2024/texmf-dist/tex/generic/iftex/iftex.sty
Package: iftex 2022/02/03 v1.0f TeX engine tests
) (c:/texlive/2024/texmf-dist/tex/latex/kvsetkeys/kvsetkeys.sty
Package: kvsetkeys 2022-10-05 v1.19 Key value parser (HO)
) (c:/texlive/2024/texmf-dist/tex/generic/kvdefinekeys/kvdefinekeys.sty
Package: kvdefinekeys 2019-12-19 v1.6 Define keys (HO)
) (c:/texlive/2024/texmf-dist/tex/generic/pdfescape/pdfescape.sty
Package: pdfescape 2019/12/09 v1.15 Implements pdfTeX's escape features (HO)
 (c:/texlive/2024/texmf-dist/tex/generic/ltxcmds/ltxcmds.sty
Package: ltxcmds 2023-12-04 v1.26 LaTeX kernel commands for general use (HO)
) (c:/texlive/2024/texmf-dist/tex/generic/pdftexcmds/pdftexcmds.sty
Package: pdftexcmds 2020-06-27 v0.33 Utility functions of pdfTeX for LuaTeX (HO)
 (c:/texlive/2024/texmf-dist/tex/generic/infwarerr/infwarerr.sty
Package: infwarerr 2019/12/03 v1.5 Providing info/warning/error messages (HO)
)
Package pdftexcmds Info: \pdf@primitive is available.
Package pdftexcmds Info: \pdf@ifprimitive is available.
Package pdftexcmds Info: \pdfdraftmode found.
)) (c:/texlive/2024/texmf-dist/tex/latex/hycolor/hycolor.sty
Package: hycolor 2020-01-27 v1.10 Color options for hyperref/bookmark (HO)
) (c:/texlive/2024/texmf-dist/tex/latex/hyperref/nameref.sty
Package: nameref 2023-11-26 v2.56 Cross-referencing by name of section
 (c:/texlive/2024/texmf-dist/tex/latex/refcount/refcount.sty
Package: refcount 2019/12/15 v3.6 Data extraction from label references (HO)
) (c:/texlive/2024/texmf-dist/tex/generic/gettitlestring/gettitlestring.sty
Package: gettitlestring 2019/12/15 v1.6 Cleanup title references (HO)
 (c:/texlive/2024/texmf-dist/tex/latex/kvoptions/kvoptions.sty
Package: kvoptions 2022-06-15 v3.15 Key value format for package options (HO)
))
\c@section@level=\count282
) (c:/texlive/2024/texmf-dist/tex/latex/etoolbox/etoolbox.sty
Package: etoolbox 2020/10/05 v2.5k e-TeX tools for LaTeX (JAW)
\etb@tempcnta=\count283
) (c:/texlive/2024/texmf-dist/tex/generic/stringenc/stringenc.sty
Package: stringenc 2019/11/29 v1.12 Convert strings between diff. encodings (HO)
)
\@linkdim=\dimen154
\Hy@linkcounter=\count284
\Hy@pagecounter=\count285
 (c:/texlive/2024/texmf-dist/tex/latex/hyperref/pd1enc.def
File: pd1enc.def 2024-07-10 v7.01j Hyperref: PDFDocEncoding definition (HO)
Now handling font encoding PD1 ...
... no UTF-8 mapping file for font encoding PD1
) (c:/texlive/2024/texmf-dist/tex/generic/intcalc/intcalc.sty
Package: intcalc 2019/12/15 v1.3 Expandable calculations with integers (HO)
)
\Hy@SavedSpaceFactor=\count286
 (c:/texlive/2024/texmf-dist/tex/latex/hyperref/puenc.def
File: puenc.def 2024-07-10 v7.01j Hyperref: PDF Unicode definition (HO)
Now handling font encoding PU ...
... no UTF-8 mapping file for font encoding PU
)
Package hyperref Info: Hyper figures OFF on input line 4157.
Package hyperref Info: Link nesting OFF on input line 4162.
Package hyperref Info: Hyper index ON on input line 4165.
Package hyperref Info: Plain pages OFF on input line 4172.
Package hyperref Info: Backreferencing OFF on input line 4177.
Package hyperref Info: Implicit mode ON; LaTeX internals redefined.
Package hyperref Info: Bookmarks ON on input line 4424.
\c@Hy@tempcnt=\count287
 (c:/texlive/2024/texmf-dist/tex/latex/url/url.sty
\Urlmuskip=\muskip18
Package: url 2013/09/16  ver 3.4  Verb mode for urls, etc.
)
LaTeX Info: Redefining \url on input line 4763.
\XeTeXLinkMargin=\dimen155
 (c:/texlive/2024/texmf-dist/tex/generic/bitset/bitset.sty
Package: bitset 2019/12/09 v1.3 Handle bit-vector datatype (HO)
 (c:/texlive/2024/texmf-dist/tex/generic/bigintcalc/bigintcalc.sty
Package: bigintcalc 2019/12/15 v1.5 Expandable calculations on big integers (HO)
))
\Fld@menulength=\count288
\Field@Width=\dimen156
\Fld@charsize=\dimen157
Package hyperref Info: Hyper figures OFF on input line 6042.
Package hyperref Info: Link nesting OFF on input line 6047.
Package hyperref Info: Hyper index ON on input line 6050.
Package hyperref Info: backreferencing OFF on input line 6057.
Package hyperref Info: Link coloring OFF on input line 6062.
Package hyperref Info: Link coloring with OCG OFF on input line 6067.
Package hyperref Info: PDF/A mode OFF on input line 6072.
 (c:/texlive/2024/texmf-dist/tex/latex/base/atbegshi-ltx.sty
Package: atbegshi-ltx 2021/01/10 v1.0c Emulation of the original atbegshi
package with kernel methods
)
\Hy@abspage=\count289
\c@Item=\count290
\c@Hfootnote=\count291
)
Package hyperref Info: Driver (autodetected): hpdftex.
 (c:/texlive/2024/texmf-dist/tex/latex/hyperref/hpdftex.def
File: hpdftex.def 2024-07-10 v7.01j Hyperref driver for pdfTeX
 (c:/texlive/2024/texmf-dist/tex/latex/base/atveryend-ltx.sty
Package: atveryend-ltx 2020/08/19 v1.0a Emulation of the original atveryend package
with kernel methods
)
\Fld@listcount=\count292
\c@bookmark@seq@number=\count293
 (c:/texlive/2024/texmf-dist/tex/latex/rerunfilecheck/rerunfilecheck.sty
Package: rerunfilecheck 2022-07-10 v1.10 Rerun checks for auxiliary files (HO)
 (c:/texlive/2024/texmf-dist/tex/generic/uniquecounter/uniquecounter.sty
Package: uniquecounter 2019/12/15 v1.4 Provide unlimited unique counter (HO)
)
Package uniquecounter Info: New unique counter `rerunfilecheck' on input line 285.
)
\Hy@SectionHShift=\skip55
) (c:/texlive/2024/texmf-dist/tex/latex/base/inputenc.sty
Package: inputenc 2024/02/08 v1.3d Input encoding file
\inpenc@prehook=\toks25
\inpenc@posthook=\toks26
) (c:/texlive/2024/texmf-dist/tex/latex/l3backend/l3backend-pdftex.def
File: l3backend-pdftex.def 2024-05-08 L3 backend support: PDF output (pdfTeX)
\l__color_backend_stack_int=\count294
\l__pdf_internal_box=\box55
) (build/problemas.aux)
\openout1 = `problemas.aux'.

LaTeX Font Info:    Checking defaults for OML/cmm/m/it on input line 18.
LaTeX Font Info:    ... okay on input line 18.
LaTeX Font Info:    Checking defaults for OMS/cmsy/m/n on input line 18.
LaTeX Font Info:    ... okay on input line 18.
LaTeX Font Info:    Checking defaults for OT1/cmr/m/n on input line 18.
LaTeX Font Info:    ... okay on input line 18.
LaTeX Font Info:    Checking defaults for T1/cmr/m/n on input line 18.
LaTeX Font Info:    ... okay on input line 18.
LaTeX Font Info:    Checking defaults for TS1/cmr/m/n on input line 18.
LaTeX Font Info:    ... okay on input line 18.
LaTeX Font Info:    Checking defaults for OMX/cmex/m/n on input line 18.
LaTeX Font Info:    ... okay on input line 18.
LaTeX Font Info:    Checking defaults for U/cmr/m/n on input line 18.
LaTeX Font Info:    ... okay on input line 18.
LaTeX Font Info:    Checking defaults for PD1/pdf/m/n on input line 18.
LaTeX Font Info:    ... okay on input line 18.
LaTeX Font Info:    Checking defaults for PU/pdf/m/n on input line 18.
LaTeX Font Info:    ... okay on input line 18.
 (c:/texlive/2024/texmf-dist/tex/context/base/mkii/supp-pdf.mkii
[Loading MPS to PDF converter (version 2006.09.02).]
\scratchcounter=\count295
\scratchdimen=\dimen158
\scratchbox=\box56
\nofMPsegments=\count296
\nofMParguments=\count297
\everyMPshowfont=\toks27
\MPscratchCnt=\count298
\MPscratchDim=\dimen159
\MPnumerator=\count299
\makeMPintoPDFobject=\count300
\everyMPtoPDFconversion=\toks28
) (c:/texlive/2024/texmf-dist/tex/latex/epstopdf-pkg/epstopdf-base.sty
Package: epstopdf-base 2020-01-24 v2.11 Base part for package epstopdf
 (c:/texlive/2024/texmf-dist/tex/latex/grfext/grfext.sty
Package: grfext 2019/12/03 v1.3 Manage graphics extensions (HO)
)
Package epstopdf-base Info: Redefining graphics rule for `.eps' on input line 485.
Package grfext Info: Graphics extension search list:
(grfext)             [.pdf,.png,.jpg,.mps,.jpeg,.jbig2,.jb2,.PDF,.PNG,.JPG,.JPEG,.JBIG2,.JB2,.eps]
(grfext)             \AppendGraphicsExtensions on input line 504.
 (c:/texlive/2024/texmf-dist/tex/latex/latexconfig/epstopdf-sys.cfg
File: epstopdf-sys.cfg 2010/07/13 v1.3 Configuration of (r)epstopdf for TeX Live
))
Package hyperref Info: Link coloring OFF on input line 18.
 (build/problemas.out) (build/problemas.out)
\@outlinefile=\write3
\openout3 = `problemas.out'.

<logo.png, id=4, 501.875pt x 153.57375pt>
File: logo.png Graphic file (type png)
<use logo.png>
Package pdftex.def Info: logo.png  used on input line 23.
(pdftex.def)             Requested size: 195.0pt x 59.6709pt.


[1

{c:/texlive/2024/texmf-var/fonts/map/pdftex/updmap/pdftex.map} <build/logo.png>]


pdfTeX warning (ext4): destination with the same identifier (name{page.1}) has been already used, duplicate ignored
<to be read again> 
                   \relax 
l.59 \clearpage
                [1

]
<problema2.jpg, id=30, 104.5506pt x 117.0774pt>
File: problema2.jpg Graphic file (type jpg)
<use problema2.jpg>
Package pdftex.def Info: problema2.jpg  used on input line 63.
(pdftex.def)             Requested size: 117.00119pt x 131.02394pt.

pdfTeX warning (ext4): destination with the same identifier (name{equation.0.1}) has been already used, duplicate ignored
<to be read again> 
                   \relax 
l.71  \begin{equation}
                      
pdfTeX warning (ext4): destination with the same identifier (name{equation.0.1}) has been already used, duplicate ignored
<to be read again> 
                   \relax 
l.71  \begin{equation}
                      
pdfTeX warning (ext4): destination with the same identifier (name{equation.0.1}) has been already used, duplicate ignored
<to be read again> 
                   \relax 
l.71  \begin{equation}
                      
pdfTeX warning (ext4): destination with the same identifier (name{equation.0.1}) has been already used, duplicate ignored
<to be read again> 
                   \relax 
l.71  \begin{equation}
                      
pdfTeX warning (ext4): destination with the same identifier (name{equation.0.2}) has been already used, duplicate ignored
<to be read again> 
                   \relax 
l.80  \end{gather}
                  \\

[2

 <build/problema2.jpg>]
pdfTeX warning (ext4): destination with the same identifier (name{equation.0.3}) has been already used, duplicate ignored
<to be read again> 
                   \relax 
l.82  \begin{equation}
                      
pdfTeX warning (ext4): destination with the same identifier (name{equation.0.3}) has been already used, duplicate ignored
<to be read again> 
                   \relax 
l.82  \begin{equation}
                      
pdfTeX warning (ext4): destination with the same identifier (name{equation.0.3}) has been already used, duplicate ignored
<to be read again> 
                   \relax 
l.82  \begin{equation}
                      
pdfTeX warning (ext4): destination with the same identifier (name{equation.0.3}) has been already used, duplicate ignored
<to be read again> 
                   \relax 
l.82  \begin{equation}
                      
pdfTeX warning (ext4): destination with the same identifier (name{equation.0.4}) has been already used, duplicate ignored
<to be read again> 
                   \relax 
l.86  \begin{equation}
                      
pdfTeX warning (ext4): destination with the same identifier (name{equation.0.4}) has been already used, duplicate ignored
<to be read again> 
                   \relax 
l.86  \begin{equation}
                      
pdfTeX warning (ext4): destination with the same identifier (name{equation.0.4}) has been already used, duplicate ignored
<to be read again> 
                   \relax 
l.86  \begin{equation}
                      
pdfTeX warning (ext4): destination with the same identifier (name{equation.0.4}) has been already used, duplicate ignored
<to be read again> 
                   \relax 
l.86  \begin{equation}
                      

[3]
pdfTeX warning (ext4): destination with the same identifier (name{equation.0.4}) has been already used, duplicate ignored
<to be read again> 
                   \relax 
l.94 \begin{equation}
                      \setcounter{equation}{1}
pdfTeX warning (ext4): destination with the same identifier (name{equation.0.4}) has been already used, duplicate ignored
<to be read again> 
                   \relax 
l.94 \begin{equation}
                      \setcounter{equation}{1}
pdfTeX warning (ext4): destination with the same identifier (name{equation.0.4}) has been already used, duplicate ignored
<to be read again> 
                   \relax 
l.94 \begin{equation}
                      \setcounter{equation}{1}
pdfTeX warning (ext4): destination with the same identifier (name{equation.0.4}) has been already used, duplicate ignored
<to be read again> 
                   \relax 
l.94 \begin{equation}
                      \setcounter{equation}{1}
pdfTeX warning (ext4): destination with the same identifier (name{equation.0.1}) has been already used, duplicate ignored
<to be read again> 
                   \relax 
l.98 \begin{equation}
                     
pdfTeX warning (ext4): destination with the same identifier (name{equation.0.1}) has been already used, duplicate ignored
<to be read again> 
                   \relax 
l.98 \begin{equation}
                     
pdfTeX warning (ext4): destination with the same identifier (name{equation.0.1}) has been already used, duplicate ignored
<to be read again> 
                   \relax 
l.98 \begin{equation}
                     
pdfTeX warning (ext4): destination with the same identifier (name{equation.0.1}) has been already used, duplicate ignored
<to be read again> 
                   \relax 
l.98 \begin{equation}
                     
pdfTeX warning (ext4): destination with the same identifier (name{equation.0.1}) has been already used, duplicate ignored
<to be read again> 
                   \relax 
l.102 \begin{equation}
                      
pdfTeX warning (ext4): destination with the same identifier (name{equation.0.1}) has been already used, duplicate ignored
<to be read again> 
                   \relax 
l.102 \begin{equation}
                      
pdfTeX warning (ext4): destination with the same identifier (name{equation.0.1}) has been already used, duplicate ignored
<to be read again> 
                   \relax 
l.102 \begin{equation}
                      
pdfTeX warning (ext4): destination with the same identifier (name{equation.0.1}) has been already used, duplicate ignored
<to be read again> 
                   \relax 
l.102 \begin{equation}
                      
Overfull \hbox (58.00787pt too wide) detected at line 104
[][][]\OML/cmm/m/it/12 A[]A \OT1/cmr/m/n/12 = [] [] [] = [] []
 []


pdfTeX warning (ext4): destination with the same identifier (name{equation.0.1}) has been already used, duplicate ignored
<to be read again> 
                   \relax 
l.106 \begin{equation}
                      
pdfTeX warning (ext4): destination with the same identifier (name{equation.0.1}) has been already used, duplicate ignored
<to be read again> 
                   \relax 
l.106 \begin{equation}
                      
pdfTeX warning (ext4): destination with the same identifier (name{equation.0.1}) has been already used, duplicate ignored
<to be read again> 
                   \relax 
l.106 \begin{equation}
                      
pdfTeX warning (ext4): destination with the same identifier (name{equation.0.1}) has been already used, duplicate ignored
<to be read again> 
                   \relax 
l.106 \begin{equation}
                      

[4

]
pdfTeX warning (ext4): destination with the same identifier (name{equation.0.1}) has been already used, duplicate ignored
<to be read again> 
                   \relax 
l.117 \begin{equation}
                       \setcounter{equation}{1}
pdfTeX warning (ext4): destination with the same identifier (name{equation.0.1}) has been already used, duplicate ignored
<to be read again> 
                   \relax 
l.117 \begin{equation}
                       \setcounter{equation}{1}
pdfTeX warning (ext4): destination with the same identifier (name{equation.0.1}) has been already used, duplicate ignored
<to be read again> 
                   \relax 
l.117 \begin{equation}
                       \setcounter{equation}{1}
pdfTeX warning (ext4): destination with the same identifier (name{equation.0.1}) has been already used, duplicate ignored
<to be read again> 
                   \relax 
l.117 \begin{equation}
                       \setcounter{equation}{1}
Underfull \hbox (badness 10000) in paragraph at lines 119--122

 []


pdfTeX warning (ext4): destination with the same identifier (name{equation.0.2}) has been already used, duplicate ignored
<to be read again> 
                   \relax 
l.122 \begin{equation}
                      
pdfTeX warning (ext4): destination with the same identifier (name{equation.0.2}) has been already used, duplicate ignored
<to be read again> 
                   \relax 
l.122 \begin{equation}
                      
pdfTeX warning (ext4): destination with the same identifier (name{equation.0.2}) has been already used, duplicate ignored
<to be read again> 
                   \relax 
l.122 \begin{equation}
                      
pdfTeX warning (ext4): destination with the same identifier (name{equation.0.2}) has been already used, duplicate ignored
<to be read again> 
                   \relax 
l.122 \begin{equation}
                      
pdfTeX warning (ext4): destination with the same identifier (name{equation.0.3}) has been already used, duplicate ignored
<to be read again> 
                   \relax 
l.126 \begin{equation}
                      
pdfTeX warning (ext4): destination with the same identifier (name{equation.0.3}) has been already used, duplicate ignored
<to be read again> 
                   \relax 
l.126 \begin{equation}
                      
pdfTeX warning (ext4): destination with the same identifier (name{equation.0.3}) has been already used, duplicate ignored
<to be read again> 
                   \relax 
l.126 \begin{equation}
                      
pdfTeX warning (ext4): destination with the same identifier (name{equation.0.3}) has been already used, duplicate ignored
<to be read again> 
                   \relax 
l.126 \begin{equation}
                      
pdfTeX warning (ext4): destination with the same identifier (name{equation.0.4}) has been already used, duplicate ignored
<to be read again> 
                   \relax 
l.133 \end{gather}
                  

[5

]

[6]
pdfTeX warning (ext4): destination with the same identifier (name{equation.0.7}) has been already used, duplicate ignored
<to be read again> 
                   \relax 
l.149 \begin{equation}
                       \setcounter{equation}{1}
pdfTeX warning (ext4): destination with the same identifier (name{equation.0.7}) has been already used, duplicate ignored
<to be read again> 
                   \relax 
l.149 \begin{equation}
                       \setcounter{equation}{1}
pdfTeX warning (ext4): destination with the same identifier (name{equation.0.7}) has been already used, duplicate ignored
<to be read again> 
                   \relax 
l.149 \begin{equation}
                       \setcounter{equation}{1}
pdfTeX warning (ext4): destination with the same identifier (name{equation.0.7}) has been already used, duplicate ignored
<to be read again> 
                   \relax 
l.149 \begin{equation}
                       \setcounter{equation}{1}
pdfTeX warning (ext4): destination with the same identifier (name{equation.0.1}) has been already used, duplicate ignored
<to be read again> 
                   \relax 
l.158 \begin{equation}
                      
pdfTeX warning (ext4): destination with the same identifier (name{equation.0.1}) has been already used, duplicate ignored
<to be read again> 
                   \relax 
l.158 \begin{equation}
                      
pdfTeX warning (ext4): destination with the same identifier (name{equation.0.1}) has been already used, duplicate ignored
<to be read again> 
                   \relax 
l.158 \begin{equation}
                      
pdfTeX warning (ext4): destination with the same identifier (name{equation.0.1}) has been already used, duplicate ignored
<to be read again> 
                   \relax 
l.158 \begin{equation}
                      
pdfTeX warning (ext4): destination with the same identifier (name{equation.0.2}) has been already used, duplicate ignored
<to be read again> 
                   \relax 
l.162 \begin{equation}
                      
pdfTeX warning (ext4): destination with the same identifier (name{equation.0.2}) has been already used, duplicate ignored
<to be read again> 
                   \relax 
l.162 \begin{equation}
                      
pdfTeX warning (ext4): destination with the same identifier (name{equation.0.2}) has been already used, duplicate ignored
<to be read again> 
                   \relax 
l.162 \begin{equation}
                      
pdfTeX warning (ext4): destination with the same identifier (name{equation.0.2}) has been already used, duplicate ignored
<to be read again> 
                   \relax 
l.162 \begin{equation}
                      
pdfTeX warning (ext4): destination with the same identifier (name{equation.0.2}) has been already used, duplicate ignored
<to be read again> 
                   \relax 
l.166 \begin{equation}
                       \setcounter{equation}{1}
pdfTeX warning (ext4): destination with the same identifier (name{equation.0.2}) has been already used, duplicate ignored
<to be read again> 
                   \relax 
l.166 \begin{equation}
                       \setcounter{equation}{1}
pdfTeX warning (ext4): destination with the same identifier (name{equation.0.2}) has been already used, duplicate ignored
<to be read again> 
                   \relax 
l.166 \begin{equation}
                       \setcounter{equation}{1}
pdfTeX warning (ext4): destination with the same identifier (name{equation.0.2}) has been already used, duplicate ignored
<to be read again> 
                   \relax 
l.166 \begin{equation}
                       \setcounter{equation}{1}

[7

]
pdfTeX warning (ext4): destination with the same identifier (name{equation.0.1}) has been already used, duplicate ignored
<to be read again> 
                   \relax 
l.177 \begin{equation}
                      
pdfTeX warning (ext4): destination with the same identifier (name{equation.0.1}) has been already used, duplicate ignored
<to be read again> 
                   \relax 
l.177 \begin{equation}
                      
pdfTeX warning (ext4): destination with the same identifier (name{equation.0.1}) has been already used, duplicate ignored
<to be read again> 
                   \relax 
l.177 \begin{equation}
                      
pdfTeX warning (ext4): destination with the same identifier (name{equation.0.1}) has been already used, duplicate ignored
<to be read again> 
                   \relax 
l.177 \begin{equation}
                      
pdfTeX warning (ext4): destination with the same identifier (name{equation.0.2}) has been already used, duplicate ignored
<to be read again> 
                   \relax 
l.181 \begin{equation}
                      
pdfTeX warning (ext4): destination with the same identifier (name{equation.0.2}) has been already used, duplicate ignored
<to be read again> 
                   \relax 
l.181 \begin{equation}
                      
pdfTeX warning (ext4): destination with the same identifier (name{equation.0.2}) has been already used, duplicate ignored
<to be read again> 
                   \relax 
l.181 \begin{equation}
                      
pdfTeX warning (ext4): destination with the same identifier (name{equation.0.2}) has been already used, duplicate ignored
<to be read again> 
                   \relax 
l.181 \begin{equation}
                      
pdfTeX warning (ext4): destination with the same identifier (name{equation.0.3}) has been already used, duplicate ignored
<to be read again> 
                   \relax 
l.185 \begin{equation}
                      
pdfTeX warning (ext4): destination with the same identifier (name{equation.0.3}) has been already used, duplicate ignored
<to be read again> 
                   \relax 
l.185 \begin{equation}
                      
pdfTeX warning (ext4): destination with the same identifier (name{equation.0.3}) has been already used, duplicate ignored
<to be read again> 
                   \relax 
l.185 \begin{equation}
                      
pdfTeX warning (ext4): destination with the same identifier (name{equation.0.3}) has been already used, duplicate ignored
<to be read again> 
                   \relax 
l.185 \begin{equation}
                      
pdfTeX warning (ext4): destination with the same identifier (name{equation.0.4}) has been already used, duplicate ignored
<to be read again> 
                   \relax 
l.189 \begin{equation}
                      
pdfTeX warning (ext4): destination with the same identifier (name{equation.0.4}) has been already used, duplicate ignored
<to be read again> 
                   \relax 
l.189 \begin{equation}
                      
pdfTeX warning (ext4): destination with the same identifier (name{equation.0.4}) has been already used, duplicate ignored
<to be read again> 
                   \relax 
l.189 \begin{equation}
                      
pdfTeX warning (ext4): destination with the same identifier (name{equation.0.4}) has been already used, duplicate ignored
<to be read again> 
                   \relax 
l.189 \begin{equation}
                      

[8

]
pdfTeX warning (ext4): destination with the same identifier (name{equation.0.4}) has been already used, duplicate ignored
<to be read again> 
                   \relax 
l.199 \begin{equation}
                       \setcounter{equation}{1}
pdfTeX warning (ext4): destination with the same identifier (name{equation.0.4}) has been already used, duplicate ignored
<to be read again> 
                   \relax 
l.199 \begin{equation}
                       \setcounter{equation}{1}
pdfTeX warning (ext4): destination with the same identifier (name{equation.0.4}) has been already used, duplicate ignored
<to be read again> 
                   \relax 
l.199 \begin{equation}
                       \setcounter{equation}{1}
pdfTeX warning (ext4): destination with the same identifier (name{equation.0.4}) has been already used, duplicate ignored
<to be read again> 
                   \relax 
l.199 \begin{equation}
                       \setcounter{equation}{1}

[9

]

[10] (build/problemas.aux)
 ***********
LaTeX2e <2024-06-01> patch level 2
L3 programming layer <2024-08-30>
 ***********
Package rerunfilecheck Info: File `problemas.out' has not changed.
(rerunfilecheck)             Checksum: D41D8CD98F00B204E9800998ECF8427E;0.
 ) 
Here is how much of TeX's memory you used:
 9602 strings out of 473579
 148101 string characters out of 5732257
 574709 words of memory out of 5000000
 32376 multiletter control sequences out of 15000+600000
 563989 words of font info for 56 fonts, out of 8000000 for 9000
 1141 hyphenation exceptions out of 8191
 75i,16n,79p,744b,616s stack positions out of 10000i,1000n,20000p,200000b,200000s
<c:/texlive/2024/texmf-dist/fonts/type1/public/amsfonts/cm/cmbx12.pfb><c:/texlive/2024/texmf-dist/fonts/type1/public/amsfonts/cm/cmcsc10.pfb><c:/texlive/2024/texmf-dist/fonts/type1/public/amsfonts/cm/cmex10.pfb><c:/texlive/2024/texmf-dist/fonts/type1/public/amsfonts/cm/cmmi12.pfb><c:/texlive/2024/texmf-dist/fonts/type1/public/amsfonts/cm/cmmi6.pfb><c:/texlive/2024/texmf-dist/fonts/type1/public/amsfonts/cm/cmmi8.pfb><c:/texlive/2024/texmf-dist/fonts/type1/public/amsfonts/cm/cmr12.pfb><c:/texlive/2024/texmf-dist/fonts/type1/public/amsfonts/cm/cmr17.pfb><c:/texlive/2024/texmf-dist/fonts/type1/public/amsfonts/cm/cmr6.pfb><c:/texlive/2024/texmf-dist/fonts/type1/public/amsfonts/cm/cmr8.pfb><c:/texlive/2024/texmf-dist/fonts/type1/public/amsfonts/cm/cmsy10.pfb><c:/texlive/2024/texmf-dist/fonts/type1/public/amsfonts/cm/cmsy8.pfb><c:/texlive/2024/texmf-dist/fonts/type1/public/amsfonts/cm/cmti12.pfb>
Output written on build/problemas.pdf (11 pages, 174924 bytes).
PDF statistics:
 157 PDF objects out of 1000 (max. 8388607)
 113 compressed objects within 2 object streams
 25 named destinations out of 1000 (max. 500000)
 11 words of extra memory for PDF output out of 10000 (max. 10000000)

